[INFO] Scanning for projects...
[WARNING] 
[WARNING] Some problems were encountered while building the effective model for io.younsai.gestionprojetsagile:gestion-projets-agile:jar:1.0-SNAPSHOT
[WARNING] 'dependencies.dependency.(groupId:artifactId:type:classifier)' must be unique: org.springframework.boot:spring-boot-starter:jar -> duplicate declaration of version (?) @ line 73, column 21
[WARNING] 'dependencies.dependency.(groupId:artifactId:type:classifier)' must be unique: org.springframework.boot:spring-boot-starter-data-jpa:jar -> duplicate declaration of version (?) @ line 77, column 21
[WARNING] 
[WARNING] It is highly recommended to fix these problems because they threaten the stability of your build.
[WARNING] 
[WARNING] For this reason, future Maven versions might no longer support building such malformed projects.
[WARNING] 
[INFO] 
[INFO] --------< io.younsai.gestionprojetsagile:gestion-projets-agile >--------
[INFO] Building Archetype - gestion-projets-agile 1.0-SNAPSHOT
[INFO]   from pom.xml
[INFO] --------------------------------[ jar ]---------------------------------
[INFO] 
[INFO] >>> spring-boot:4.0.1:run (default-cli) > test-compile @ gestion-projets-agile >>>
[INFO] 
[INFO] --- resources:3.3.1:resources (default-resources) @ gestion-projets-agile ---
[INFO] Copying 1 resource from src/main/resources to target/classes
[INFO] Copying 4 resources from src/main/resources to target/classes
[INFO] 
[INFO] --- compiler:3.14.1:compile (default-compile) @ gestion-projets-agile ---
[INFO] Nothing to compile - all classes are up to date.
[INFO] 
[INFO] --- resources:3.3.1:testResources (default-testResources) @ gestion-projets-agile ---
[INFO] skip non existing resourceDirectory /home/y0unsa1/IdeaProjects/gestion-projets-agile/src/test/resources
[INFO] 
[INFO] --- compiler:3.14.1:testCompile (default-testCompile) @ gestion-projets-agile ---
[INFO] Nothing to compile - all classes are up to date.
[INFO] 
[INFO] <<< spring-boot:4.0.1:run (default-cli) < test-compile @ gestion-projets-agile <<<
[INFO] 
[INFO] 
[INFO] --- spring-boot:4.0.1:run (default-cli) @ gestion-projets-agile ---
[INFO] Attaching agents: []

  .   ____          _            __ _ _
 /\\ / ___'_ __ _ _(_)_ __  __ _ \ \ \ \
( ( )\___ | '_ | '_| | '_ \/ _` | \ \ \ \
 \\/  ___)| |_)| | | | | || (_| |  ) ) ) )
  '  |____| .__|_| |_|_| |_\__, | / / / /
 =========|_|==============|___/=/_/_/_/

 :: Spring Boot ::                (v4.0.1)

2026-01-24T03:00:17.146+01:00  INFO 151116 --- [           main] i.y.g.GestionProjetsAgileApplication     : Starting GestionProjetsAgileApplication using Java 21.0.9 with PID 151116 (/home/y0unsa1/IdeaProjects/gestion-projets-agile/target/classes started by y0unsa1 in /home/y0unsa1/IdeaProjects/gestion-projets-agile)
2026-01-24T03:00:17.149+01:00  INFO 151116 --- [           main] i.y.g.GestionProjetsAgileApplication     : No active profile set, falling back to 1 default profile: "default"
2026-01-24T03:00:17.265+01:00  INFO 151116 --- [           main] i.y.g.GestionProjetsAgileApplication     : Started GestionProjetsAgileApplication in 0.558 seconds (process running for 1.016)
[INFO] ------------------------------------------------------------------------
[INFO] BUILD SUCCESS
[INFO] ------------------------------------------------------------------------
[INFO] Total time:  3.771 s
[INFO] Finished at: 2026-01-24T03:00:17+01:00
[INFO] ------------------------------------------------------------------------
